{"total": {"lines":{"total":184,"covered":34,"skipped":0,"pct":18.47},"statements":{"total":188,"covered":38,"skipped":0,"pct":20.21},"functions":{"total":24,"covered":7,"skipped":0,"pct":29.16},"branches":{"total":66,"covered":15,"skipped":0,"pct":22.72},"branchesTrue":{"total":0,"covered":0,"skipped":0,"pct":"Unknown"}}
,"C:\\Users\\GIGABYTE G5\\Desktop\\Devops\\Individual-project-lachlan\\DevOps_project2024-lachlan\\public\\js\\Read-student.js": {"lines":{"total":36,"covered":33,"skipped":0,"pct":91.66},"functions":{"total":8,"covered":7,"skipped":0,"pct":87.5},"statements":{"total":40,"covered":37,"skipped":0,"pct":92.5},"branches":{"total":18,"covered":15,"skipped":0,"pct":83.33}}
,"C:\\Users\\GIGABYTE G5\\Desktop\\Devops\\Individual-project-lachlan\\DevOps_project2024-lachlan\\public\\js\\add-student.js": {"lines":{"total":64,"covered":0,"skipped":0,"pct":0},"functions":{"total":6,"covered":0,"skipped":0,"pct":0},"statements":{"total":64,"covered":0,"skipped":0,"pct":0},"branches":{"total":22,"covered":0,"skipped":0,"pct":0}}
,"C:\\Users\\GIGABYTE G5\\Desktop\\Devops\\Individual-project-lachlan\\DevOps_project2024-lachlan\\public\\js\\delete-student.js": {"lines":{"total":11,"covered":0,"skipped":0,"pct":0},"functions":{"total":3,"covered":0,"skipped":0,"pct":0},"statements":{"total":11,"covered":0,"skipped":0,"pct":0},"branches":{"total":4,"covered":0,"skipped":0,"pct":0}}
,"C:\\Users\\GIGABYTE G5\\Desktop\\Devops\\Individual-project-lachlan\\DevOps_project2024-lachlan\\public\\js\\update-student.js": {"lines":{"total":73,"covered":1,"skipped":0,"pct":1.36},"functions":{"total":7,"covered":0,"skipped":0,"pct":0},"statements":{"total":73,"covered":1,"skipped":0,"pct":1.36},"branches":{"total":22,"covered":0,"skipped":0,"pct":0}}
}
