{"C:\\Users\\GIGABYTE G5\\Desktop\\Devops\\Individual-project-lachlan\\DevOps_project2024-lachlan\\public\\js\\Read-student.js": {"path":"C:\\Users\\GIGABYTE G5\\Desktop\\Devops\\Individual-project-lachlan\\DevOps_project2024-lachlan\\public\\js\\Read-student.js","statementMap":{"0":{"start":{"line":1,"column":18},"end":{"line":1,"column":20}},"1":{"start":{"line":5,"column":4},"end":{"line":5,"column":54}},"2":{"start":{"line":6,"column":25},"end":{"line":6,"column":64}},"3":{"start":{"line":7,"column":4},"end":{"line":14,"column":5}},"4":{"start":{"line":8,"column":8},"end":{"line":8,"column":41}},"5":{"start":{"line":10,"column":32},"end":{"line":10,"column":61}},"6":{"start":{"line":11,"column":8},"end":{"line":11,"column":44}},"7":{"start":{"line":12,"column":8},"end":{"line":12,"column":44}},"8":{"start":{"line":13,"column":8},"end":{"line":13,"column":51}},"9":{"start":{"line":19,"column":25},"end":{"line":19,"column":64}},"10":{"start":{"line":20,"column":4},"end":{"line":28,"column":5}},"11":{"start":{"line":21,"column":20},"end":{"line":21,"column":48}},"12":{"start":{"line":22,"column":21},"end":{"line":22,"column":49}},"13":{"start":{"line":23,"column":8},"end":{"line":23,"column":25}},"14":{"start":{"line":24,"column":8},"end":{"line":24,"column":39}},"15":{"start":{"line":25,"column":8},"end":{"line":25,"column":45}},"16":{"start":{"line":26,"column":8},"end":{"line":26,"column":30}},"17":{"start":{"line":27,"column":8},"end":{"line":27,"column":38}},"18":{"start":{"line":32,"column":23},"end":{"line":32,"column":66}},"19":{"start":{"line":33,"column":21},"end":{"line":33,"column":62}},"20":{"start":{"line":34,"column":26},"end":{"line":34,"column":72}},"21":{"start":{"line":37,"column":19},"end":{"line":37,"column":40}},"22":{"start":{"line":38,"column":4},"end":{"line":38,"column":54}},"23":{"start":{"line":38,"column":20},"end":{"line":38,"column":54}},"24":{"start":{"line":39,"column":4},"end":{"line":39,"column":54}},"25":{"start":{"line":39,"column":18},"end":{"line":39,"column":54}},"26":{"start":{"line":40,"column":4},"end":{"line":40,"column":63}},"27":{"start":{"line":40,"column":23},"end":{"line":40,"column":63}},"28":{"start":{"line":42,"column":16},"end":{"line":42,"column":52}},"29":{"start":{"line":44,"column":16},"end":{"line":44,"column":36}},"30":{"start":{"line":45,"column":4},"end":{"line":45,"column":31}},"31":{"start":{"line":47,"column":4},"end":{"line":62,"column":6}},"32":{"start":{"line":48,"column":8},"end":{"line":61,"column":9}},"33":{"start":{"line":49,"column":12},"end":{"line":56,"column":13}},"34":{"start":{"line":50,"column":16},"end":{"line":50,"column":59}},"35":{"start":{"line":51,"column":16},"end":{"line":51,"column":45}},"36":{"start":{"line":53,"column":33},"end":{"line":53,"column":71}},"37":{"start":{"line":54,"column":16},"end":{"line":54,"column":40}},"38":{"start":{"line":55,"column":16},"end":{"line":55,"column":46}},"39":{"start":{"line":58,"column":29},"end":{"line":58,"column":78}},"40":{"start":{"line":59,"column":12},"end":{"line":59,"column":36}},"41":{"start":{"line":60,"column":12},"end":{"line":60,"column":42}},"42":{"start":{"line":64,"column":4},"end":{"line":68,"column":6}},"43":{"start":{"line":65,"column":25},"end":{"line":65,"column":40}},"44":{"start":{"line":66,"column":8},"end":{"line":66,"column":32}},"45":{"start":{"line":67,"column":8},"end":{"line":67,"column":38}},"46":{"start":{"line":70,"column":4},"end":{"line":70,"column":15}},"47":{"start":{"line":74,"column":23},"end":{"line":74,"column":80}},"48":{"start":{"line":75,"column":21},"end":{"line":75,"column":62}},"49":{"start":{"line":76,"column":26},"end":{"line":76,"column":72}},"50":{"start":{"line":79,"column":27},"end":{"line":83,"column":6}},"51":{"start":{"line":80,"column":28},"end":{"line":80,"column":75}},"52":{"start":{"line":81,"column":31},"end":{"line":81,"column":87}},"53":{"start":{"line":82,"column":8},"end":{"line":82,"column":45}},"54":{"start":{"line":86,"column":4},"end":{"line":88,"column":5}},"55":{"start":{"line":87,"column":8},"end":{"line":87,"column":97}},"56":{"start":{"line":87,"column":40},"end":{"line":87,"column":95}},"57":{"start":{"line":90,"column":4},"end":{"line":90,"column":38}},"58":{"start":{"line":91,"column":4},"end":{"line":91,"column":31}},"59":{"start":{"line":96,"column":15},"end":{"line":96,"column":17}},"60":{"start":{"line":99,"column":4},"end":{"line":120,"column":5}},"61":{"start":{"line":100,"column":8},"end":{"line":100,"column":85}},"62":{"start":{"line":102,"column":8},"end":{"line":119,"column":11}},"63":{"start":{"line":103,"column":29},"end":{"line":103,"column":89}},"64":{"start":{"line":105,"column":12},"end":{"line":118,"column":28}},"65":{"start":{"line":122,"column":4},"end":{"line":122,"column":61}}},"fnMap":{"0":{"name":"displayErrorMessage","decl":{"start":{"line":4,"column":9},"end":{"line":4,"column":28}},"loc":{"start":{"line":4,"column":38},"end":{"line":15,"column":1}},"line":4},"1":{"name":"displayNoStudentsMessage","decl":{"start":{"line":18,"column":9},"end":{"line":18,"column":33}},"loc":{"start":{"line":18,"column":36},"end":{"line":29,"column":1}},"line":18},"2":{"name":"fetchAndDisplayStudents","decl":{"start":{"line":31,"column":9},"end":{"line":31,"column":32}},"loc":{"start":{"line":31,"column":35},"end":{"line":71,"column":1}},"line":31},"3":{"name":"(anonymous_3)","decl":{"start":{"line":47,"column":17},"end":{"line":47,"column":18}},"loc":{"start":{"line":47,"column":29},"end":{"line":62,"column":5}},"line":47},"4":{"name":"(anonymous_4)","decl":{"start":{"line":64,"column":18},"end":{"line":64,"column":19}},"loc":{"start":{"line":64,"column":30},"end":{"line":68,"column":5}},"line":64},"5":{"name":"filterStudents","decl":{"start":{"line":73,"column":9},"end":{"line":73,"column":23}},"loc":{"start":{"line":73,"column":26},"end":{"line":92,"column":1}},"line":73},"6":{"name":"(anonymous_6)","decl":{"start":{"line":79,"column":46},"end":{"line":79,"column":47}},"loc":{"start":{"line":79,"column":57},"end":{"line":83,"column":5}},"line":79},"7":{"name":"(anonymous_7)","decl":{"start":{"line":87,"column":30},"end":{"line":87,"column":31}},"loc":{"start":{"line":87,"column":40},"end":{"line":87,"column":95}},"line":87},"8":{"name":"displayStudents","decl":{"start":{"line":95,"column":9},"end":{"line":95,"column":24}},"loc":{"start":{"line":95,"column":35},"end":{"line":123,"column":1}},"line":95},"9":{"name":"(anonymous_9)","decl":{"start":{"line":102,"column":25},"end":{"line":102,"column":26}},"loc":{"start":{"line":102,"column":45},"end":{"line":119,"column":9}},"line":102}},"branchMap":{"0":{"loc":{"start":{"line":7,"column":4},"end":{"line":14,"column":5}},"type":"if","locations":[{"start":{"line":7,"column":4},"end":{"line":14,"column":5}},{"start":{"line":9,"column":11},"end":{"line":14,"column":5}}],"line":7},"1":{"loc":{"start":{"line":20,"column":4},"end":{"line":28,"column":5}},"type":"if","locations":[{"start":{"line":20,"column":4},"end":{"line":28,"column":5}},{"start":{},"end":{}}],"line":20},"2":{"loc":{"start":{"line":38,"column":4},"end":{"line":38,"column":54}},"type":"if","locations":[{"start":{"line":38,"column":4},"end":{"line":38,"column":54}},{"start":{},"end":{}}],"line":38},"3":{"loc":{"start":{"line":39,"column":4},"end":{"line":39,"column":54}},"type":"if","locations":[{"start":{"line":39,"column":4},"end":{"line":39,"column":54}},{"start":{},"end":{}}],"line":39},"4":{"loc":{"start":{"line":40,"column":4},"end":{"line":40,"column":63}},"type":"if","locations":[{"start":{"line":40,"column":4},"end":{"line":40,"column":63}},{"start":{},"end":{}}],"line":40},"5":{"loc":{"start":{"line":48,"column":8},"end":{"line":61,"column":9}},"type":"if","locations":[{"start":{"line":48,"column":8},"end":{"line":61,"column":9}},{"start":{"line":57,"column":15},"end":{"line":61,"column":9}}],"line":48},"6":{"loc":{"start":{"line":81,"column":31},"end":{"line":81,"column":87}},"type":"cond-expr","locations":[{"start":{"line":81,"column":47},"end":{"line":81,"column":80}},{"start":{"line":81,"column":83},"end":{"line":81,"column":87}}],"line":81},"7":{"loc":{"start":{"line":82,"column":15},"end":{"line":82,"column":44}},"type":"binary-expr","locations":[{"start":{"line":82,"column":15},"end":{"line":82,"column":26}},{"start":{"line":82,"column":30},"end":{"line":82,"column":44}}],"line":82},"8":{"loc":{"start":{"line":86,"column":4},"end":{"line":88,"column":5}},"type":"if","locations":[{"start":{"line":86,"column":4},"end":{"line":88,"column":5}},{"start":{},"end":{}}],"line":86},"9":{"loc":{"start":{"line":87,"column":40},"end":{"line":87,"column":95}},"type":"cond-expr","locations":[{"start":{"line":87,"column":62},"end":{"line":87,"column":77}},{"start":{"line":87,"column":80},"end":{"line":87,"column":95}}],"line":87},"10":{"loc":{"start":{"line":99,"column":4},"end":{"line":120,"column":5}},"type":"if","locations":[{"start":{"line":99,"column":4},"end":{"line":120,"column":5}},{"start":{"line":101,"column":11},"end":{"line":120,"column":5}}],"line":99},"11":{"loc":{"start":{"line":103,"column":29},"end":{"line":103,"column":89}},"type":"binary-expr","locations":[{"start":{"line":103,"column":29},"end":{"line":103,"column":42}},{"start":{"line":103,"column":46},"end":{"line":103,"column":89}}],"line":103}},"s":{"0":13,"1":1,"2":1,"3":1,"4":0,"5":1,"6":1,"7":1,"8":1,"9":38,"10":38,"11":2,"12":2,"13":2,"14":2,"15":2,"16":2,"17":2,"18":18,"19":18,"20":18,"21":18,"22":18,"23":3,"24":18,"25":3,"26":18,"27":3,"28":18,"29":18,"30":18,"31":18,"32":14,"33":14,"34":14,"35":14,"36":0,"37":0,"38":0,"39":0,"40":0,"41":0,"42":18,"43":0,"44":0,"45":0,"46":18,"47":36,"48":36,"49":36,"50":36,"51":252,"52":252,"53":252,"54":36,"55":6,"56":28,"57":36,"58":36,"59":51,"60":51,"61":1,"62":50,"63":150,"64":150,"65":51},"f":{"0":1,"1":38,"2":18,"3":14,"4":0,"5":36,"6":252,"7":28,"8":51,"9":150},"b":{"0":[0,1],"1":[2,36],"2":[3,15],"3":[3,15],"4":[3,15],"5":[14,0],"6":[28,224],"7":[252,64],"8":[6,30],"9":[14,14],"10":[1,50],"11":[150,0]},"_coverageSchema":"1a1c01bbd47fc00a2c39e90264f33305004495a9","hash":"71ac6300e37b107d75db61f84138dfcdbd1ae9c4"}
,"C:\\Users\\GIGABYTE G5\\Desktop\\Devops\\Individual-project-lachlan\\DevOps_project2024-lachlan\\public\\js\\add-student.js": {"path":"C:\\Users\\GIGABYTE G5\\Desktop\\Devops\\Individual-project-lachlan\\DevOps_project2024-lachlan\\public\\js\\add-student.js","statementMap":{"0":{"start":{"line":2,"column":19},"end":{"line":2,"column":21}},"1":{"start":{"line":3,"column":19},"end":{"line":8,"column":5}},"2":{"start":{"line":9,"column":22},"end":{"line":9,"column":70}},"3":{"start":{"line":11,"column":4},"end":{"line":15,"column":5}},"4":{"start":{"line":12,"column":8},"end":{"line":12,"column":82}},"5":{"start":{"line":13,"column":8},"end":{"line":13,"column":80}},"6":{"start":{"line":14,"column":8},"end":{"line":14,"column":15}},"7":{"start":{"line":17,"column":4},"end":{"line":21,"column":5}},"8":{"start":{"line":18,"column":8},"end":{"line":18,"column":76}},"9":{"start":{"line":19,"column":8},"end":{"line":19,"column":80}},"10":{"start":{"line":20,"column":8},"end":{"line":20,"column":15}},"11":{"start":{"line":23,"column":4},"end":{"line":27,"column":5}},"12":{"start":{"line":24,"column":8},"end":{"line":24,"column":100}},"13":{"start":{"line":25,"column":8},"end":{"line":25,"column":80}},"14":{"start":{"line":26,"column":8},"end":{"line":26,"column":15}},"15":{"start":{"line":29,"column":4},"end":{"line":33,"column":5}},"16":{"start":{"line":30,"column":8},"end":{"line":30,"column":81}},"17":{"start":{"line":31,"column":8},"end":{"line":31,"column":80}},"18":{"start":{"line":32,"column":8},"end":{"line":32,"column":15}},"19":{"start":{"line":35,"column":23},"end":{"line":35,"column":72}},"20":{"start":{"line":36,"column":4},"end":{"line":38,"column":5}},"21":{"start":{"line":37,"column":8},"end":{"line":37,"column":15}},"22":{"start":{"line":40,"column":19},"end":{"line":40,"column":35}},"23":{"start":{"line":41,"column":4},"end":{"line":65,"column":6}},"24":{"start":{"line":42,"column":8},"end":{"line":42,"column":39}},"25":{"start":{"line":44,"column":22},"end":{"line":44,"column":42}},"26":{"start":{"line":45,"column":8},"end":{"line":45,"column":51}},"27":{"start":{"line":46,"column":8},"end":{"line":46,"column":69}},"28":{"start":{"line":47,"column":8},"end":{"line":63,"column":10}},"29":{"start":{"line":48,"column":12},"end":{"line":48,"column":56}},"30":{"start":{"line":49,"column":12},"end":{"line":49,"column":34}},"31":{"start":{"line":50,"column":12},"end":{"line":62,"column":13}},"32":{"start":{"line":51,"column":16},"end":{"line":51,"column":110}},"33":{"start":{"line":52,"column":16},"end":{"line":52,"column":89}},"34":{"start":{"line":53,"column":16},"end":{"line":53,"column":66}},"35":{"start":{"line":54,"column":16},"end":{"line":54,"column":59}},"36":{"start":{"line":55,"column":16},"end":{"line":55,"column":62}},"37":{"start":{"line":56,"column":16},"end":{"line":56,"column":59}},"38":{"start":{"line":57,"column":16},"end":{"line":57,"column":67}},"39":{"start":{"line":58,"column":16},"end":{"line":58,"column":52}},"40":{"start":{"line":60,"column":16},"end":{"line":60,"column":117}},"41":{"start":{"line":61,"column":16},"end":{"line":61,"column":88}},"42":{"start":{"line":64,"column":8},"end":{"line":64,"column":47}},"43":{"start":{"line":66,"column":4},"end":{"line":66,"column":36}},"44":{"start":{"line":70,"column":25},"end":{"line":70,"column":64}},"45":{"start":{"line":71,"column":17},"end":{"line":71,"column":38}},"46":{"start":{"line":73,"column":4},"end":{"line":99,"column":5}},"47":{"start":{"line":75,"column":8},"end":{"line":96,"column":9}},"48":{"start":{"line":76,"column":12},"end":{"line":76,"column":81}},"49":{"start":{"line":77,"column":12},"end":{"line":77,"column":48}},"50":{"start":{"line":78,"column":12},"end":{"line":78,"column":63}},"51":{"start":{"line":80,"column":27},"end":{"line":80,"column":43}},"52":{"start":{"line":81,"column":12},"end":{"line":94,"column":14}},"53":{"start":{"line":82,"column":28},"end":{"line":82,"column":39}},"54":{"start":{"line":83,"column":16},"end":{"line":92,"column":18}},"55":{"start":{"line":84,"column":20},"end":{"line":91,"column":21}},"56":{"start":{"line":85,"column":24},"end":{"line":85,"column":59}},"57":{"start":{"line":86,"column":24},"end":{"line":86,"column":60}},"58":{"start":{"line":87,"column":24},"end":{"line":87,"column":75}},"59":{"start":{"line":89,"column":24},"end":{"line":89,"column":59}},"60":{"start":{"line":90,"column":24},"end":{"line":90,"column":61}},"61":{"start":{"line":93,"column":16},"end":{"line":93,"column":42}},"62":{"start":{"line":95,"column":12},"end":{"line":95,"column":39}},"63":{"start":{"line":98,"column":8},"end":{"line":98,"column":44}}},"fnMap":{"0":{"name":"addStudent","decl":{"start":{"line":1,"column":9},"end":{"line":1,"column":19}},"loc":{"start":{"line":1,"column":22},"end":{"line":67,"column":1}},"line":1},"1":{"name":"(anonymous_1)","decl":{"start":{"line":41,"column":23},"end":{"line":41,"column":24}},"loc":{"start":{"line":41,"column":35},"end":{"line":65,"column":5}},"line":41},"2":{"name":"(anonymous_2)","decl":{"start":{"line":47,"column":25},"end":{"line":47,"column":26}},"loc":{"start":{"line":47,"column":37},"end":{"line":63,"column":9}},"line":47},"3":{"name":"previewImage","decl":{"start":{"line":69,"column":9},"end":{"line":69,"column":21}},"loc":{"start":{"line":69,"column":29},"end":{"line":100,"column":1}},"line":69},"4":{"name":"(anonymous_4)","decl":{"start":{"line":81,"column":28},"end":{"line":81,"column":29}},"loc":{"start":{"line":81,"column":41},"end":{"line":94,"column":13}},"line":81},"5":{"name":"(anonymous_5)","decl":{"start":{"line":83,"column":29},"end":{"line":83,"column":30}},"loc":{"start":{"line":83,"column":41},"end":{"line":92,"column":17}},"line":83}},"branchMap":{"0":{"loc":{"start":{"line":11,"column":4},"end":{"line":15,"column":5}},"type":"if","locations":[{"start":{"line":11,"column":4},"end":{"line":15,"column":5}},{"start":{},"end":{}}],"line":11},"1":{"loc":{"start":{"line":11,"column":8},"end":{"line":11,"column":110}},"type":"binary-expr","locations":[{"start":{"line":11,"column":8},"end":{"line":11,"column":35}},{"start":{"line":11,"column":39},"end":{"line":11,"column":59}},{"start":{"line":11,"column":63},"end":{"line":11,"column":86}},{"start":{"line":11,"column":90},"end":{"line":11,"column":110}}],"line":11},"2":{"loc":{"start":{"line":17,"column":4},"end":{"line":21,"column":5}},"type":"if","locations":[{"start":{"line":17,"column":4},"end":{"line":21,"column":5}},{"start":{},"end":{}}],"line":17},"3":{"loc":{"start":{"line":23,"column":4},"end":{"line":27,"column":5}},"type":"if","locations":[{"start":{"line":23,"column":4},"end":{"line":27,"column":5}},{"start":{},"end":{}}],"line":23},"4":{"loc":{"start":{"line":29,"column":4},"end":{"line":33,"column":5}},"type":"if","locations":[{"start":{"line":29,"column":4},"end":{"line":33,"column":5}},{"start":{},"end":{}}],"line":29},"5":{"loc":{"start":{"line":36,"column":4},"end":{"line":38,"column":5}},"type":"if","locations":[{"start":{"line":36,"column":4},"end":{"line":38,"column":5}},{"start":{},"end":{}}],"line":36},"6":{"loc":{"start":{"line":50,"column":12},"end":{"line":62,"column":13}},"type":"if","locations":[{"start":{"line":50,"column":12},"end":{"line":62,"column":13}},{"start":{"line":59,"column":19},"end":{"line":62,"column":13}}],"line":50},"7":{"loc":{"start":{"line":73,"column":4},"end":{"line":99,"column":5}},"type":"if","locations":[{"start":{"line":73,"column":4},"end":{"line":99,"column":5}},{"start":{"line":97,"column":11},"end":{"line":99,"column":5}}],"line":73},"8":{"loc":{"start":{"line":75,"column":8},"end":{"line":96,"column":9}},"type":"if","locations":[{"start":{"line":75,"column":8},"end":{"line":96,"column":9}},{"start":{"line":79,"column":15},"end":{"line":96,"column":9}}],"line":75},"9":{"loc":{"start":{"line":84,"column":20},"end":{"line":91,"column":21}},"type":"if","locations":[{"start":{"line":84,"column":20},"end":{"line":91,"column":21}},{"start":{"line":88,"column":27},"end":{"line":91,"column":21}}],"line":84}},"s":{"0":0,"1":0,"2":0,"3":0,"4":0,"5":0,"6":0,"7":0,"8":0,"9":0,"10":0,"11":0,"12":0,"13":0,"14":0,"15":0,"16":0,"17":0,"18":0,"19":0,"20":0,"21":0,"22":0,"23":0,"24":0,"25":0,"26":0,"27":0,"28":0,"29":0,"30":0,"31":0,"32":0,"33":0,"34":0,"35":0,"36":0,"37":0,"38":0,"39":0,"40":0,"41":0,"42":0,"43":0,"44":0,"45":0,"46":0,"47":0,"48":0,"49":0,"50":0,"51":0,"52":0,"53":0,"54":0,"55":0,"56":0,"57":0,"58":0,"59":0,"60":0,"61":0,"62":0,"63":0},"f":{"0":0,"1":0,"2":0,"3":0,"4":0,"5":0},"b":{"0":[0,0],"1":[0,0,0,0],"2":[0,0],"3":[0,0],"4":[0,0],"5":[0,0],"6":[0,0],"7":[0,0],"8":[0,0],"9":[0,0]},"_coverageSchema":"1a1c01bbd47fc00a2c39e90264f33305004495a9","hash":"dd763356627d9cd26f865ae8802e4d52db61dea7"}
,"C:\\Users\\GIGABYTE G5\\Desktop\\Devops\\Individual-project-lachlan\\DevOps_project2024-lachlan\\public\\js\\delete-student.js": {"path":"C:\\Users\\GIGABYTE G5\\Desktop\\Devops\\Individual-project-lachlan\\DevOps_project2024-lachlan\\public\\js\\delete-student.js","statementMap":{"0":{"start":{"line":3,"column":4},"end":{"line":21,"column":5}},"1":{"start":{"line":4,"column":20},"end":{"line":4,"column":40}},"2":{"start":{"line":5,"column":8},"end":{"line":5,"column":65}},"3":{"start":{"line":7,"column":8},"end":{"line":14,"column":10}},"4":{"start":{"line":8,"column":12},"end":{"line":13,"column":13}},"5":{"start":{"line":9,"column":16},"end":{"line":9,"column":55}},"6":{"start":{"line":10,"column":16},"end":{"line":10,"column":42}},"7":{"start":{"line":12,"column":16},"end":{"line":12,"column":75}},"8":{"start":{"line":16,"column":8},"end":{"line":18,"column":10}},"9":{"start":{"line":17,"column":12},"end":{"line":17,"column":43}},"10":{"start":{"line":20,"column":8},"end":{"line":20,"column":19}}},"fnMap":{"0":{"name":"deleteStudent","decl":{"start":{"line":2,"column":9},"end":{"line":2,"column":22}},"loc":{"start":{"line":2,"column":34},"end":{"line":22,"column":1}},"line":2},"1":{"name":"(anonymous_1)","decl":{"start":{"line":7,"column":21},"end":{"line":7,"column":22}},"loc":{"start":{"line":7,"column":33},"end":{"line":14,"column":9}},"line":7},"2":{"name":"(anonymous_2)","decl":{"start":{"line":16,"column":22},"end":{"line":16,"column":23}},"loc":{"start":{"line":16,"column":34},"end":{"line":18,"column":9}},"line":16}},"branchMap":{"0":{"loc":{"start":{"line":3,"column":4},"end":{"line":21,"column":5}},"type":"if","locations":[{"start":{"line":3,"column":4},"end":{"line":21,"column":5}},{"start":{},"end":{}}],"line":3},"1":{"loc":{"start":{"line":8,"column":12},"end":{"line":13,"column":13}},"type":"if","locations":[{"start":{"line":8,"column":12},"end":{"line":13,"column":13}},{"start":{"line":11,"column":19},"end":{"line":13,"column":13}}],"line":8}},"s":{"0":0,"1":0,"2":0,"3":0,"4":0,"5":0,"6":0,"7":0,"8":0,"9":0,"10":0},"f":{"0":0,"1":0,"2":0},"b":{"0":[0,0],"1":[0,0]},"_coverageSchema":"1a1c01bbd47fc00a2c39e90264f33305004495a9","hash":"c11be3ed378e75bfa008d59595ca5c0711a1fbcb"}
,"C:\\Users\\GIGABYTE G5\\Desktop\\Devops\\Individual-project-lachlan\\DevOps_project2024-lachlan\\public\\js\\update-student.js": {"path":"C:\\Users\\GIGABYTE G5\\Desktop\\Devops\\Individual-project-lachlan\\DevOps_project2024-lachlan\\public\\js\\update-student.js","statementMap":{"0":{"start":{"line":1,"column":16},"end":{"line":1,"column":20}},"1":{"start":{"line":4,"column":19},"end":{"line":4,"column":21}},"2":{"start":{"line":7,"column":21},"end":{"line":12,"column":5}},"3":{"start":{"line":15,"column":4},"end":{"line":15,"column":61}},"4":{"start":{"line":18,"column":4},"end":{"line":22,"column":5}},"5":{"start":{"line":19,"column":8},"end":{"line":19,"column":86}},"6":{"start":{"line":20,"column":8},"end":{"line":20,"column":84}},"7":{"start":{"line":21,"column":8},"end":{"line":21,"column":15}},"8":{"start":{"line":25,"column":4},"end":{"line":29,"column":5}},"9":{"start":{"line":26,"column":8},"end":{"line":26,"column":104}},"10":{"start":{"line":27,"column":8},"end":{"line":27,"column":84}},"11":{"start":{"line":28,"column":8},"end":{"line":28,"column":15}},"12":{"start":{"line":32,"column":4},"end":{"line":36,"column":5}},"13":{"start":{"line":33,"column":8},"end":{"line":33,"column":85}},"14":{"start":{"line":34,"column":8},"end":{"line":34,"column":84}},"15":{"start":{"line":35,"column":8},"end":{"line":35,"column":15}},"16":{"start":{"line":39,"column":4},"end":{"line":69,"column":5}},"17":{"start":{"line":41,"column":8},"end":{"line":45,"column":9}},"18":{"start":{"line":42,"column":12},"end":{"line":42,"column":125}},"19":{"start":{"line":43,"column":12},"end":{"line":43,"column":88}},"20":{"start":{"line":44,"column":12},"end":{"line":44,"column":19}},"21":{"start":{"line":48,"column":23},"end":{"line":48,"column":39}},"22":{"start":{"line":49,"column":8},"end":{"line":63,"column":10}},"23":{"start":{"line":50,"column":24},"end":{"line":50,"column":35}},"24":{"start":{"line":51,"column":12},"end":{"line":61,"column":14}},"25":{"start":{"line":52,"column":16},"end":{"line":56,"column":17}},"26":{"start":{"line":53,"column":20},"end":{"line":53,"column":99}},"27":{"start":{"line":54,"column":20},"end":{"line":54,"column":96}},"28":{"start":{"line":55,"column":20},"end":{"line":55,"column":27}},"29":{"start":{"line":59,"column":16},"end":{"line":59,"column":47}},"30":{"start":{"line":60,"column":16},"end":{"line":60,"column":44}},"31":{"start":{"line":62,"column":12},"end":{"line":62,"column":36}},"32":{"start":{"line":64,"column":8},"end":{"line":64,"column":40}},"33":{"start":{"line":67,"column":8},"end":{"line":67,"column":79}},"34":{"start":{"line":68,"column":8},"end":{"line":68,"column":36}},"35":{"start":{"line":73,"column":20},"end":{"line":73,"column":40}},"36":{"start":{"line":74,"column":4},"end":{"line":74,"column":49}},"37":{"start":{"line":76,"column":4},"end":{"line":102,"column":6}},"38":{"start":{"line":77,"column":23},"end":{"line":77,"column":55}},"39":{"start":{"line":80,"column":8},"end":{"line":80,"column":30}},"40":{"start":{"line":82,"column":8},"end":{"line":101,"column":9}},"41":{"start":{"line":84,"column":12},"end":{"line":84,"column":100}},"42":{"start":{"line":85,"column":12},"end":{"line":85,"column":89}},"43":{"start":{"line":88,"column":12},"end":{"line":88,"column":66}},"44":{"start":{"line":89,"column":12},"end":{"line":89,"column":59}},"45":{"start":{"line":90,"column":12},"end":{"line":90,"column":62}},"46":{"start":{"line":91,"column":12},"end":{"line":91,"column":59}},"47":{"start":{"line":94,"column":31},"end":{"line":94,"column":103}},"48":{"start":{"line":95,"column":12},"end":{"line":95,"column":32}},"49":{"start":{"line":96,"column":12},"end":{"line":96,"column":30}},"50":{"start":{"line":99,"column":12},"end":{"line":99,"column":91}},"51":{"start":{"line":100,"column":12},"end":{"line":100,"column":88}},"52":{"start":{"line":105,"column":4},"end":{"line":105,"column":65}},"53":{"start":{"line":106,"column":4},"end":{"line":106,"column":43}},"54":{"start":{"line":111,"column":4},"end":{"line":111,"column":67}},"55":{"start":{"line":112,"column":4},"end":{"line":112,"column":53}},"56":{"start":{"line":113,"column":4},"end":{"line":113,"column":59}},"57":{"start":{"line":114,"column":4},"end":{"line":114,"column":53}},"58":{"start":{"line":117,"column":25},"end":{"line":117,"column":68}},"59":{"start":{"line":118,"column":4},"end":{"line":118,"column":32}},"60":{"start":{"line":119,"column":4},"end":{"line":119,"column":41}},"61":{"start":{"line":122,"column":4},"end":{"line":122,"column":82}},"62":{"start":{"line":123,"column":25},"end":{"line":123,"column":81}},"63":{"start":{"line":124,"column":4},"end":{"line":124,"column":46}},"64":{"start":{"line":125,"column":4},"end":{"line":125,"column":41}},"65":{"start":{"line":128,"column":23},"end":{"line":128,"column":87}},"66":{"start":{"line":129,"column":4},"end":{"line":129,"column":24}},"67":{"start":{"line":134,"column":4},"end":{"line":134,"column":38}},"68":{"start":{"line":137,"column":25},"end":{"line":137,"column":68}},"69":{"start":{"line":138,"column":4},"end":{"line":143,"column":5}},"70":{"start":{"line":139,"column":8},"end":{"line":139,"column":58}},"71":{"start":{"line":140,"column":8},"end":{"line":140,"column":45}},"72":{"start":{"line":142,"column":8},"end":{"line":142,"column":44}}},"fnMap":{"0":{"name":"updateStudent","decl":{"start":{"line":3,"column":9},"end":{"line":3,"column":22}},"loc":{"start":{"line":3,"column":25},"end":{"line":70,"column":1}},"line":3},"1":{"name":"(anonymous_1)","decl":{"start":{"line":49,"column":24},"end":{"line":49,"column":25}},"loc":{"start":{"line":49,"column":36},"end":{"line":63,"column":9}},"line":49},"2":{"name":"(anonymous_2)","decl":{"start":{"line":51,"column":25},"end":{"line":51,"column":26}},"loc":{"start":{"line":51,"column":37},"end":{"line":61,"column":13}},"line":51},"3":{"name":"sendUpdateRequest","decl":{"start":{"line":72,"column":9},"end":{"line":72,"column":26}},"loc":{"start":{"line":72,"column":37},"end":{"line":107,"column":1}},"line":72},"4":{"name":"(anonymous_4)","decl":{"start":{"line":76,"column":21},"end":{"line":76,"column":22}},"loc":{"start":{"line":76,"column":33},"end":{"line":102,"column":5}},"line":76},"5":{"name":"openEditModal","decl":{"start":{"line":109,"column":9},"end":{"line":109,"column":22}},"loc":{"start":{"line":109,"column":67},"end":{"line":130,"column":1}},"line":109},"6":{"name":"previewEditImage","decl":{"start":{"line":132,"column":9},"end":{"line":132,"column":25}},"loc":{"start":{"line":132,"column":33},"end":{"line":144,"column":1}},"line":132}},"branchMap":{"0":{"loc":{"start":{"line":18,"column":4},"end":{"line":22,"column":5}},"type":"if","locations":[{"start":{"line":18,"column":4},"end":{"line":22,"column":5}},{"start":{},"end":{}}],"line":18},"1":{"loc":{"start":{"line":18,"column":8},"end":{"line":18,"column":86}},"type":"binary-expr","locations":[{"start":{"line":18,"column":8},"end":{"line":18,"column":29}},{"start":{"line":18,"column":33},"end":{"line":18,"column":47}},{"start":{"line":18,"column":51},"end":{"line":18,"column":68}},{"start":{"line":18,"column":72},"end":{"line":18,"column":86}}],"line":18},"2":{"loc":{"start":{"line":25,"column":4},"end":{"line":29,"column":5}},"type":"if","locations":[{"start":{"line":25,"column":4},"end":{"line":29,"column":5}},{"start":{},"end":{}}],"line":25},"3":{"loc":{"start":{"line":32,"column":4},"end":{"line":36,"column":5}},"type":"if","locations":[{"start":{"line":32,"column":4},"end":{"line":36,"column":5}},{"start":{},"end":{}}],"line":32},"4":{"loc":{"start":{"line":39,"column":4},"end":{"line":69,"column":5}},"type":"if","locations":[{"start":{"line":39,"column":4},"end":{"line":69,"column":5}},{"start":{"line":65,"column":11},"end":{"line":69,"column":5}}],"line":39},"5":{"loc":{"start":{"line":41,"column":8},"end":{"line":45,"column":9}},"type":"if","locations":[{"start":{"line":41,"column":8},"end":{"line":45,"column":9}},{"start":{},"end":{}}],"line":41},"6":{"loc":{"start":{"line":52,"column":16},"end":{"line":56,"column":17}},"type":"if","locations":[{"start":{"line":52,"column":16},"end":{"line":56,"column":17}},{"start":{},"end":{}}],"line":52},"7":{"loc":{"start":{"line":67,"column":25},"end":{"line":67,"column":78}},"type":"binary-expr","locations":[{"start":{"line":67,"column":25},"end":{"line":67,"column":72}},{"start":{"line":67,"column":76},"end":{"line":67,"column":78}}],"line":67},"8":{"loc":{"start":{"line":82,"column":8},"end":{"line":101,"column":9}},"type":"if","locations":[{"start":{"line":82,"column":8},"end":{"line":101,"column":9}},{"start":{"line":97,"column":15},"end":{"line":101,"column":9}}],"line":82},"9":{"loc":{"start":{"line":138,"column":4},"end":{"line":143,"column":5}},"type":"if","locations":[{"start":{"line":138,"column":4},"end":{"line":143,"column":5}},{"start":{"line":141,"column":11},"end":{"line":143,"column":5}}],"line":138}},"s":{"0":13,"1":0,"2":0,"3":0,"4":0,"5":0,"6":0,"7":0,"8":0,"9":0,"10":0,"11":0,"12":0,"13":0,"14":0,"15":0,"16":0,"17":0,"18":0,"19":0,"20":0,"21":0,"22":0,"23":0,"24":0,"25":0,"26":0,"27":0,"28":0,"29":0,"30":0,"31":0,"32":0,"33":0,"34":0,"35":0,"36":0,"37":0,"38":0,"39":0,"40":0,"41":0,"42":0,"43":0,"44":0,"45":0,"46":0,"47":0,"48":0,"49":0,"50":0,"51":0,"52":0,"53":0,"54":0,"55":0,"56":0,"57":0,"58":0,"59":0,"60":0,"61":0,"62":0,"63":0,"64":0,"65":0,"66":0,"67":0,"68":0,"69":0,"70":0,"71":0,"72":0},"f":{"0":0,"1":0,"2":0,"3":0,"4":0,"5":0,"6":0},"b":{"0":[0,0],"1":[0,0,0,0],"2":[0,0],"3":[0,0],"4":[0,0],"5":[0,0],"6":[0,0],"7":[0,0],"8":[0,0],"9":[0,0]},"_coverageSchema":"1a1c01bbd47fc00a2c39e90264f33305004495a9","hash":"214dba52ea08b4d85616d48a9ef5be589b25e569"}
}
