{"total": {"lines":{"total":210,"covered":53,"skipped":0,"pct":25.23},"statements":{"total":214,"covered":57,"skipped":0,"pct":26.63},"functions":{"total":26,"covered":9,"skipped":0,"pct":34.61},"branches":{"total":72,"covered":21,"skipped":0,"pct":29.16},"branchesTrue":{"total":0,"covered":0,"skipped":0,"pct":"Unknown"}}
,"C:\\Users\\GIGABYTE G5\\Desktop\\Devops\\Individual-project-lachlan\\DevOps_project2024-lachlan\\public\\js\\Read-student.js": {"lines":{"total":62,"covered":52,"skipped":0,"pct":83.87},"functions":{"total":10,"covered":9,"skipped":0,"pct":90},"statements":{"total":66,"covered":56,"skipped":0,"pct":84.84},"branches":{"total":24,"covered":21,"skipped":0,"pct":87.5}}
,"C:\\Users\\GIGABYTE G5\\Desktop\\Devops\\Individual-project-lachlan\\DevOps_project2024-lachlan\\public\\js\\add-student.js": {"lines":{"total":64,"covered":0,"skipped":0,"pct":0},"functions":{"total":6,"covered":0,"skipped":0,"pct":0},"statements":{"total":64,"covered":0,"skipped":0,"pct":0},"branches":{"total":22,"covered":0,"skipped":0,"pct":0}}
,"C:\\Users\\GIGABYTE G5\\Desktop\\Devops\\Individual-project-lachlan\\DevOps_project2024-lachlan\\public\\js\\delete-student.js": {"lines":{"total":11,"covered":0,"skipped":0,"pct":0},"functions":{"total":3,"covered":0,"skipped":0,"pct":0},"statements":{"total":11,"covered":0,"skipped":0,"pct":0},"branches":{"total":4,"covered":0,"skipped":0,"pct":0}}
,"C:\\Users\\GIGABYTE G5\\Desktop\\Devops\\Individual-project-lachlan\\DevOps_project2024-lachlan\\public\\js\\update-student.js": {"lines":{"total":73,"covered":1,"skipped":0,"pct":1.36},"functions":{"total":7,"covered":0,"skipped":0,"pct":0},"statements":{"total":73,"covered":1,"skipped":0,"pct":1.36},"branches":{"total":22,"covered":0,"skipped":0,"pct":0}}
}
