TN:
SF:public\js\Read-student.js
FN:3,fetchAndDisplayStudents
FN:19,(anonymous_1)
FN:32,(anonymous_2)
FN:39,filterStudents
FN:45,(anonymous_4)
FN:53,(anonymous_5)
FN:60,displayStudents
FN:63,(anonymous_7)
FNF:8
FNH:7
FNDA:19,fetchAndDisplayStudents
FNDA:19,(anonymous_1)
FNDA:0,(anonymous_2)
FNDA:48,filterStudents
FNDA:252,(anonymous_4)
FNDA:11,(anonymous_5)
FNDA:67,displayStudents
FNDA:166,(anonymous_7)
DA:1,11
DA:4,19
DA:5,19
DA:6,19
DA:9,19
DA:10,19
DA:11,19
DA:12,19
DA:14,19
DA:16,19
DA:17,19
DA:19,19
DA:20,19
DA:21,19
DA:22,19
DA:23,19
DA:25,0
DA:28,0
DA:32,19
DA:33,0
DA:36,19
DA:40,48
DA:41,48
DA:42,48
DA:45,48
DA:46,252
DA:47,252
DA:48,252
DA:52,48
DA:53,11
DA:56,48
DA:61,67
DA:63,67
DA:64,166
DA:66,166
DA:82,67
LF:36
LH:33
BRDA:10,0,0,4
BRDA:10,0,1,15
BRDA:11,1,0,3
BRDA:11,1,1,16
BRDA:12,2,0,3
BRDA:12,2,1,16
BRDA:20,3,0,19
BRDA:20,3,1,0
BRDA:47,4,0,24
BRDA:47,4,1,228
BRDA:48,5,0,252
BRDA:48,5,1,70
BRDA:52,6,0,6
BRDA:52,6,1,42
BRDA:53,7,0,1
BRDA:53,7,1,10
BRDA:64,8,0,166
BRDA:64,8,1,15
BRF:18
BRH:17
end_of_record
TN:
SF:public\js\add-student.js
FN:1,addStudent
FN:41,(anonymous_1)
FN:47,(anonymous_2)
FN:69,previewImage
FN:81,(anonymous_4)
FN:83,(anonymous_5)
FNF:6
FNH:0
FNDA:0,addStudent
FNDA:0,(anonymous_1)
FNDA:0,(anonymous_2)
FNDA:0,previewImage
FNDA:0,(anonymous_4)
FNDA:0,(anonymous_5)
DA:2,0
DA:3,0
DA:9,0
DA:11,0
DA:12,0
DA:13,0
DA:14,0
DA:17,0
DA:18,0
DA:19,0
DA:20,0
DA:23,0
DA:24,0
DA:25,0
DA:26,0
DA:29,0
DA:30,0
DA:31,0
DA:32,0
DA:35,0
DA:36,0
DA:37,0
DA:40,0
DA:41,0
DA:42,0
DA:44,0
DA:45,0
DA:46,0
DA:47,0
DA:48,0
DA:49,0
DA:50,0
DA:51,0
DA:52,0
DA:53,0
DA:54,0
DA:55,0
DA:56,0
DA:57,0
DA:58,0
DA:60,0
DA:61,0
DA:64,0
DA:66,0
DA:70,0
DA:71,0
DA:73,0
DA:75,0
DA:76,0
DA:77,0
DA:78,0
DA:80,0
DA:81,0
DA:82,0
DA:83,0
DA:84,0
DA:85,0
DA:86,0
DA:87,0
DA:89,0
DA:90,0
DA:93,0
DA:95,0
DA:98,0
LF:64
LH:0
BRDA:11,0,0,0
BRDA:11,0,1,0
BRDA:11,1,0,0
BRDA:11,1,1,0
BRDA:11,1,2,0
BRDA:11,1,3,0
BRDA:17,2,0,0
BRDA:17,2,1,0
BRDA:23,3,0,0
BRDA:23,3,1,0
BRDA:29,4,0,0
BRDA:29,4,1,0
BRDA:36,5,0,0
BRDA:36,5,1,0
BRDA:50,6,0,0
BRDA:50,6,1,0
BRDA:73,7,0,0
BRDA:73,7,1,0
BRDA:75,8,0,0
BRDA:75,8,1,0
BRDA:84,9,0,0
BRDA:84,9,1,0
BRF:22
BRH:0
end_of_record
TN:
SF:public\js\delete-student.js
FN:2,deleteStudent
FN:7,(anonymous_1)
FN:16,(anonymous_2)
FNF:3
FNH:0
FNDA:0,deleteStudent
FNDA:0,(anonymous_1)
FNDA:0,(anonymous_2)
DA:3,0
DA:4,0
DA:5,0
DA:7,0
DA:8,0
DA:9,0
DA:10,0
DA:12,0
DA:16,0
DA:17,0
DA:20,0
LF:11
LH:0
BRDA:3,0,0,0
BRDA:3,0,1,0
BRDA:8,1,0,0
BRDA:8,1,1,0
BRF:4
BRH:0
end_of_record
TN:
SF:public\js\update-student.js
FN:3,updateStudent
FN:49,(anonymous_1)
FN:51,(anonymous_2)
FN:72,sendUpdateRequest
FN:76,(anonymous_4)
FN:109,openEditModal
FN:132,previewEditImage
FNF:7
FNH:0
FNDA:0,updateStudent
FNDA:0,(anonymous_1)
FNDA:0,(anonymous_2)
FNDA:0,sendUpdateRequest
FNDA:0,(anonymous_4)
FNDA:0,openEditModal
FNDA:0,previewEditImage
DA:1,11
DA:4,0
DA:7,0
DA:15,0
DA:18,0
DA:19,0
DA:20,0
DA:21,0
DA:25,0
DA:26,0
DA:27,0
DA:28,0
DA:32,0
DA:33,0
DA:34,0
DA:35,0
DA:39,0
DA:41,0
DA:42,0
DA:43,0
DA:44,0
DA:48,0
DA:49,0
DA:50,0
DA:51,0
DA:52,0
DA:53,0
DA:54,0
DA:55,0
DA:59,0
DA:60,0
DA:62,0
DA:64,0
DA:67,0
DA:68,0
DA:73,0
DA:74,0
DA:76,0
DA:77,0
DA:80,0
DA:82,0
DA:84,0
DA:85,0
DA:88,0
DA:89,0
DA:90,0
DA:91,0
DA:94,0
DA:95,0
DA:96,0
DA:99,0
DA:100,0
DA:105,0
DA:106,0
DA:111,0
DA:112,0
DA:113,0
DA:114,0
DA:117,0
DA:118,0
DA:119,0
DA:122,0
DA:123,0
DA:124,0
DA:125,0
DA:128,0
DA:129,0
DA:134,0
DA:137,0
DA:138,0
DA:139,0
DA:140,0
DA:142,0
LF:73
LH:1
BRDA:18,0,0,0
BRDA:18,0,1,0
BRDA:18,1,0,0
BRDA:18,1,1,0
BRDA:18,1,2,0
BRDA:18,1,3,0
BRDA:25,2,0,0
BRDA:25,2,1,0
BRDA:32,3,0,0
BRDA:32,3,1,0
BRDA:39,4,0,0
BRDA:39,4,1,0
BRDA:41,5,0,0
BRDA:41,5,1,0
BRDA:52,6,0,0
BRDA:52,6,1,0
BRDA:67,7,0,0
BRDA:67,7,1,0
BRDA:82,8,0,0
BRDA:82,8,1,0
BRDA:138,9,0,0
BRDA:138,9,1,0
BRF:22
BRH:0
end_of_record
