TN:
SF:public\js\Read-student.js
FN:4,displayErrorMessage
FN:18,displayNoStudentsMessage
FN:31,fetchAndDisplayStudents
FN:47,(anonymous_3)
FN:64,(anonymous_4)
FN:73,filterStudents
FN:79,(anonymous_6)
FN:87,(anonymous_7)
FN:95,displayStudents
FN:102,(anonymous_9)
FNF:10
FNH:9
FNDA:1,displayErrorMessage
FNDA:38,displayNoStudentsMessage
FNDA:18,fetchAndDisplayStudents
FNDA:14,(anonymous_3)
FNDA:0,(anonymous_4)
FNDA:36,filterStudents
FNDA:252,(anonymous_6)
FNDA:28,(anonymous_7)
FNDA:51,displayStudents
FNDA:150,(anonymous_9)
DA:1,13
DA:5,1
DA:6,1
DA:7,1
DA:8,0
DA:10,1
DA:11,1
DA:12,1
DA:13,1
DA:19,38
DA:20,38
DA:21,2
DA:22,2
DA:23,2
DA:24,2
DA:25,2
DA:26,2
DA:27,2
DA:32,18
DA:33,18
DA:34,18
DA:37,18
DA:38,18
DA:39,18
DA:40,18
DA:42,18
DA:44,18
DA:45,18
DA:47,18
DA:48,14
DA:49,14
DA:50,14
DA:51,14
DA:53,0
DA:54,0
DA:55,0
DA:58,0
DA:59,0
DA:60,0
DA:64,18
DA:65,0
DA:66,0
DA:67,0
DA:70,18
DA:74,36
DA:75,36
DA:76,36
DA:79,36
DA:80,252
DA:81,252
DA:82,252
DA:86,36
DA:87,28
DA:90,36
DA:91,36
DA:96,51
DA:99,51
DA:100,1
DA:102,50
DA:103,150
DA:105,150
DA:122,51
LF:62
LH:52
BRDA:7,0,0,0
BRDA:7,0,1,1
BRDA:20,1,0,2
BRDA:20,1,1,36
BRDA:38,2,0,3
BRDA:38,2,1,15
BRDA:39,3,0,3
BRDA:39,3,1,15
BRDA:40,4,0,3
BRDA:40,4,1,15
BRDA:48,5,0,14
BRDA:48,5,1,0
BRDA:81,6,0,28
BRDA:81,6,1,224
BRDA:82,7,0,252
BRDA:82,7,1,64
BRDA:86,8,0,6
BRDA:86,8,1,30
BRDA:87,9,0,14
BRDA:87,9,1,14
BRDA:99,10,0,1
BRDA:99,10,1,50
BRDA:103,11,0,150
BRDA:103,11,1,0
BRF:24
BRH:21
end_of_record
TN:
SF:public\js\add-student.js
FN:1,addStudent
FN:41,(anonymous_1)
FN:47,(anonymous_2)
FN:69,previewImage
FN:81,(anonymous_4)
FN:83,(anonymous_5)
FNF:6
FNH:0
FNDA:0,addStudent
FNDA:0,(anonymous_1)
FNDA:0,(anonymous_2)
FNDA:0,previewImage
FNDA:0,(anonymous_4)
FNDA:0,(anonymous_5)
DA:2,0
DA:3,0
DA:9,0
DA:11,0
DA:12,0
DA:13,0
DA:14,0
DA:17,0
DA:18,0
DA:19,0
DA:20,0
DA:23,0
DA:24,0
DA:25,0
DA:26,0
DA:29,0
DA:30,0
DA:31,0
DA:32,0
DA:35,0
DA:36,0
DA:37,0
DA:40,0
DA:41,0
DA:42,0
DA:44,0
DA:45,0
DA:46,0
DA:47,0
DA:48,0
DA:49,0
DA:50,0
DA:51,0
DA:52,0
DA:53,0
DA:54,0
DA:55,0
DA:56,0
DA:57,0
DA:58,0
DA:60,0
DA:61,0
DA:64,0
DA:66,0
DA:70,0
DA:71,0
DA:73,0
DA:75,0
DA:76,0
DA:77,0
DA:78,0
DA:80,0
DA:81,0
DA:82,0
DA:83,0
DA:84,0
DA:85,0
DA:86,0
DA:87,0
DA:89,0
DA:90,0
DA:93,0
DA:95,0
DA:98,0
LF:64
LH:0
BRDA:11,0,0,0
BRDA:11,0,1,0
BRDA:11,1,0,0
BRDA:11,1,1,0
BRDA:11,1,2,0
BRDA:11,1,3,0
BRDA:17,2,0,0
BRDA:17,2,1,0
BRDA:23,3,0,0
BRDA:23,3,1,0
BRDA:29,4,0,0
BRDA:29,4,1,0
BRDA:36,5,0,0
BRDA:36,5,1,0
BRDA:50,6,0,0
BRDA:50,6,1,0
BRDA:73,7,0,0
BRDA:73,7,1,0
BRDA:75,8,0,0
BRDA:75,8,1,0
BRDA:84,9,0,0
BRDA:84,9,1,0
BRF:22
BRH:0
end_of_record
TN:
SF:public\js\delete-student.js
FN:2,deleteStudent
FN:7,(anonymous_1)
FN:16,(anonymous_2)
FNF:3
FNH:0
FNDA:0,deleteStudent
FNDA:0,(anonymous_1)
FNDA:0,(anonymous_2)
DA:3,0
DA:4,0
DA:5,0
DA:7,0
DA:8,0
DA:9,0
DA:10,0
DA:12,0
DA:16,0
DA:17,0
DA:20,0
LF:11
LH:0
BRDA:3,0,0,0
BRDA:3,0,1,0
BRDA:8,1,0,0
BRDA:8,1,1,0
BRF:4
BRH:0
end_of_record
TN:
SF:public\js\update-student.js
FN:3,updateStudent
FN:49,(anonymous_1)
FN:51,(anonymous_2)
FN:72,sendUpdateRequest
FN:76,(anonymous_4)
FN:109,openEditModal
FN:132,previewEditImage
FNF:7
FNH:0
FNDA:0,updateStudent
FNDA:0,(anonymous_1)
FNDA:0,(anonymous_2)
FNDA:0,sendUpdateRequest
FNDA:0,(anonymous_4)
FNDA:0,openEditModal
FNDA:0,previewEditImage
DA:1,13
DA:4,0
DA:7,0
DA:15,0
DA:18,0
DA:19,0
DA:20,0
DA:21,0
DA:25,0
DA:26,0
DA:27,0
DA:28,0
DA:32,0
DA:33,0
DA:34,0
DA:35,0
DA:39,0
DA:41,0
DA:42,0
DA:43,0
DA:44,0
DA:48,0
DA:49,0
DA:50,0
DA:51,0
DA:52,0
DA:53,0
DA:54,0
DA:55,0
DA:59,0
DA:60,0
DA:62,0
DA:64,0
DA:67,0
DA:68,0
DA:73,0
DA:74,0
DA:76,0
DA:77,0
DA:80,0
DA:82,0
DA:84,0
DA:85,0
DA:88,0
DA:89,0
DA:90,0
DA:91,0
DA:94,0
DA:95,0
DA:96,0
DA:99,0
DA:100,0
DA:105,0
DA:106,0
DA:111,0
DA:112,0
DA:113,0
DA:114,0
DA:117,0
DA:118,0
DA:119,0
DA:122,0
DA:123,0
DA:124,0
DA:125,0
DA:128,0
DA:129,0
DA:134,0
DA:137,0
DA:138,0
DA:139,0
DA:140,0
DA:142,0
LF:73
LH:1
BRDA:18,0,0,0
BRDA:18,0,1,0
BRDA:18,1,0,0
BRDA:18,1,1,0
BRDA:18,1,2,0
BRDA:18,1,3,0
BRDA:25,2,0,0
BRDA:25,2,1,0
BRDA:32,3,0,0
BRDA:32,3,1,0
BRDA:39,4,0,0
BRDA:39,4,1,0
BRDA:41,5,0,0
BRDA:41,5,1,0
BRDA:52,6,0,0
BRDA:52,6,1,0
BRDA:67,7,0,0
BRDA:67,7,1,0
BRDA:82,8,0,0
BRDA:82,8,1,0
BRDA:138,9,0,0
BRDA:138,9,1,0
BRF:22
BRH:0
end_of_record
